  Show_table.cpp
c:\users\heoyouseong\desktop\3학년1학기동안 한 것들\db\과제5\hw6\최종제출물_모음\db_project_14011013_허유성\db_project_14011013_허유성\show_table.cpp(21): warning C4996: 'sprintf': This function or variable may be unsafe. Consider using sprintf_s instead. To disable deprecation, use _CRT_SECURE_NO_WARNINGS. See online help for details.
  c:\program files (x86)\windows kits\10\include\10.0.10240.0\ucrt\stdio.h(1769): note: 'sprintf' 선언을 참조하십시오.
c:\users\heoyouseong\desktop\3학년1학기동안 한 것들\db\과제5\hw6\최종제출물_모음\db_project_14011013_허유성\db_project_14011013_허유성\show_table.cpp(70): warning C4996: 'sprintf': This function or variable may be unsafe. Consider using sprintf_s instead. To disable deprecation, use _CRT_SECURE_NO_WARNINGS. See online help for details.
  c:\program files (x86)\windows kits\10\include\10.0.10240.0\ucrt\stdio.h(1769): note: 'sprintf' 선언을 참조하십시오.
c:\users\heoyouseong\desktop\3학년1학기동안 한 것들\db\과제5\hw6\최종제출물_모음\db_project_14011013_허유성\db_project_14011013_허유성\show_table.cpp(117): warning C4996: 'sprintf': This function or variable may be unsafe. Consider using sprintf_s instead. To disable deprecation, use _CRT_SECURE_NO_WARNINGS. See online help for details.
  c:\program files (x86)\windows kits\10\include\10.0.10240.0\ucrt\stdio.h(1769): note: 'sprintf' 선언을 참조하십시오.
c:\users\heoyouseong\desktop\3학년1학기동안 한 것들\db\과제5\hw6\최종제출물_모음\db_project_14011013_허유성\db_project_14011013_허유성\show_table.cpp(168): warning C4996: 'sprintf': This function or variable may be unsafe. Consider using sprintf_s instead. To disable deprecation, use _CRT_SECURE_NO_WARNINGS. See online help for details.
  c:\program files (x86)\windows kits\10\include\10.0.10240.0\ucrt\stdio.h(1769): note: 'sprintf' 선언을 참조하십시오.
c:\users\heoyouseong\desktop\3학년1학기동안 한 것들\db\과제5\hw6\최종제출물_모음\db_project_14011013_허유성\db_project_14011013_허유성\show_table.cpp(215): warning C4996: 'sprintf': This function or variable may be unsafe. Consider using sprintf_s instead. To disable deprecation, use _CRT_SECURE_NO_WARNINGS. See online help for details.
  c:\program files (x86)\windows kits\10\include\10.0.10240.0\ucrt\stdio.h(1769): note: 'sprintf' 선언을 참조하십시오.
c:\users\heoyouseong\desktop\3학년1학기동안 한 것들\db\과제5\hw6\최종제출물_모음\db_project_14011013_허유성\db_project_14011013_허유성\show_table.cpp(266): warning C4996: 'sprintf': This function or variable may be unsafe. Consider using sprintf_s instead. To disable deprecation, use _CRT_SECURE_NO_WARNINGS. See online help for details.
  c:\program files (x86)\windows kits\10\include\10.0.10240.0\ucrt\stdio.h(1769): note: 'sprintf' 선언을 참조하십시오.
c:\users\heoyouseong\desktop\3학년1학기동안 한 것들\db\과제5\hw6\최종제출물_모음\db_project_14011013_허유성\db_project_14011013_허유성\show_table.cpp(314): warning C4996: 'sprintf': This function or variable may be unsafe. Consider using sprintf_s instead. To disable deprecation, use _CRT_SECURE_NO_WARNINGS. See online help for details.
  c:\program files (x86)\windows kits\10\include\10.0.10240.0\ucrt\stdio.h(1769): note: 'sprintf' 선언을 참조하십시오.
c:\users\heoyouseong\desktop\3학년1학기동안 한 것들\db\과제5\hw6\최종제출물_모음\db_project_14011013_허유성\db_project_14011013_허유성\show_table.cpp(365): warning C4996: 'sprintf': This function or variable may be unsafe. Consider using sprintf_s instead. To disable deprecation, use _CRT_SECURE_NO_WARNINGS. See online help for details.
  c:\program files (x86)\windows kits\10\include\10.0.10240.0\ucrt\stdio.h(1769): note: 'sprintf' 선언을 참조하십시오.
c:\users\heoyouseong\desktop\3학년1학기동안 한 것들\db\과제5\hw6\최종제출물_모음\db_project_14011013_허유성\db_project_14011013_허유성\show_table.cpp(418): warning C4996: 'sprintf': This function or variable may be unsafe. Consider using sprintf_s instead. To disable deprecation, use _CRT_SECURE_NO_WARNINGS. See online help for details.
  c:\program files (x86)\windows kits\10\include\10.0.10240.0\ucrt\stdio.h(1769): note: 'sprintf' 선언을 참조하십시오.
c:\users\heoyouseong\desktop\3학년1학기동안 한 것들\db\과제5\hw6\최종제출물_모음\db_project_14011013_허유성\db_project_14011013_허유성\show_table.cpp(481): warning C4996: 'sprintf': This function or variable may be unsafe. Consider using sprintf_s instead. To disable deprecation, use _CRT_SECURE_NO_WARNINGS. See online help for details.
  c:\program files (x86)\windows kits\10\include\10.0.10240.0\ucrt\stdio.h(1769): note: 'sprintf' 선언을 참조하십시오.
c:\users\heoyouseong\desktop\3학년1학기동안 한 것들\db\과제5\hw6\최종제출물_모음\db_project_14011013_허유성\db_project_14011013_허유성\show_table.cpp(544): warning C4996: 'sprintf': This function or variable may be unsafe. Consider using sprintf_s instead. To disable deprecation, use _CRT_SECURE_NO_WARNINGS. See online help for details.
  c:\program files (x86)\windows kits\10\include\10.0.10240.0\ucrt\stdio.h(1769): note: 'sprintf' 선언을 참조하십시오.
c:\users\heoyouseong\desktop\3학년1학기동안 한 것들\db\과제5\hw6\최종제출물_모음\db_project_14011013_허유성\db_project_14011013_허유성\show_table.cpp(598): warning C4996: 'sprintf': This function or variable may be unsafe. Consider using sprintf_s instead. To disable deprecation, use _CRT_SECURE_NO_WARNINGS. See online help for details.
  c:\program files (x86)\windows kits\10\include\10.0.10240.0\ucrt\stdio.h(1769): note: 'sprintf' 선언을 참조하십시오.
c:\users\heoyouseong\desktop\3학년1학기동안 한 것들\db\과제5\hw6\최종제출물_모음\db_project_14011013_허유성\db_project_14011013_허유성\show_table.cpp(652): warning C4996: 'sprintf': This function or variable may be unsafe. Consider using sprintf_s instead. To disable deprecation, use _CRT_SECURE_NO_WARNINGS. See online help for details.
  c:\program files (x86)\windows kits\10\include\10.0.10240.0\ucrt\stdio.h(1769): note: 'sprintf' 선언을 참조하십시오.
c:\users\heoyouseong\desktop\3학년1학기동안 한 것들\db\과제5\hw6\최종제출물_모음\db_project_14011013_허유성\db_project_14011013_허유성\show_table.cpp(706): warning C4996: 'sprintf': This function or variable may be unsafe. Consider using sprintf_s instead. To disable deprecation, use _CRT_SECURE_NO_WARNINGS. See online help for details.
  c:\program files (x86)\windows kits\10\include\10.0.10240.0\ucrt\stdio.h(1769): note: 'sprintf' 선언을 참조하십시오.
c:\users\heoyouseong\desktop\3학년1학기동안 한 것들\db\과제5\hw6\최종제출물_모음\db_project_14011013_허유성\db_project_14011013_허유성\show_table.cpp(760): warning C4996: 'sprintf': This function or variable may be unsafe. Consider using sprintf_s instead. To disable deprecation, use _CRT_SECURE_NO_WARNINGS. See online help for details.
  c:\program files (x86)\windows kits\10\include\10.0.10240.0\ucrt\stdio.h(1769): note: 'sprintf' 선언을 참조하십시오.
c:\users\heoyouseong\desktop\3학년1학기동안 한 것들\db\과제5\hw6\최종제출물_모음\db_project_14011013_허유성\db_project_14011013_허유성\show_table.cpp(808): warning C4996: 'sprintf': This function or variable may be unsafe. Consider using sprintf_s instead. To disable deprecation, use _CRT_SECURE_NO_WARNINGS. See online help for details.
  c:\program files (x86)\windows kits\10\include\10.0.10240.0\ucrt\stdio.h(1769): note: 'sprintf' 선언을 참조하십시오.
c:\users\heoyouseong\desktop\3학년1학기동안 한 것들\db\과제5\hw6\최종제출물_모음\db_project_14011013_허유성\db_project_14011013_허유성\show_table.cpp(856): warning C4996: 'sprintf': This function or variable may be unsafe. Consider using sprintf_s instead. To disable deprecation, use _CRT_SECURE_NO_WARNINGS. See online help for details.
  c:\program files (x86)\windows kits\10\include\10.0.10240.0\ucrt\stdio.h(1769): note: 'sprintf' 선언을 참조하십시오.
c:\users\heoyouseong\desktop\3학년1학기동안 한 것들\db\과제5\hw6\최종제출물_모음\db_project_14011013_허유성\db_project_14011013_허유성\show_table.cpp(904): warning C4996: 'sprintf': This function or variable may be unsafe. Consider using sprintf_s instead. To disable deprecation, use _CRT_SECURE_NO_WARNINGS. See online help for details.
  c:\program files (x86)\windows kits\10\include\10.0.10240.0\ucrt\stdio.h(1769): note: 'sprintf' 선언을 참조하십시오.
c:\users\heoyouseong\desktop\3학년1학기동안 한 것들\db\과제5\hw6\최종제출물_모음\db_project_14011013_허유성\db_project_14011013_허유성\show_table.cpp(997): warning C4996: 'sprintf': This function or variable may be unsafe. Consider using sprintf_s instead. To disable deprecation, use _CRT_SECURE_NO_WARNINGS. See online help for details.
  c:\program files (x86)\windows kits\10\include\10.0.10240.0\ucrt\stdio.h(1769): note: 'sprintf' 선언을 참조하십시오.
c:\users\heoyouseong\desktop\3학년1학기동안 한 것들\db\과제5\hw6\최종제출물_모음\db_project_14011013_허유성\db_project_14011013_허유성\show_table.cpp(1051): warning C4996: 'sprintf': This function or variable may be unsafe. Consider using sprintf_s instead. To disable deprecation, use _CRT_SECURE_NO_WARNINGS. See online help for details.
  c:\program files (x86)\windows kits\10\include\10.0.10240.0\ucrt\stdio.h(1769): note: 'sprintf' 선언을 참조하십시오.
c:\users\heoyouseong\desktop\3학년1학기동안 한 것들\db\과제5\hw6\최종제출물_모음\db_project_14011013_허유성\db_project_14011013_허유성\show_table.cpp(1105): warning C4996: 'sprintf': This function or variable may be unsafe. Consider using sprintf_s instead. To disable deprecation, use _CRT_SECURE_NO_WARNINGS. See online help for details.
  c:\program files (x86)\windows kits\10\include\10.0.10240.0\ucrt\stdio.h(1769): note: 'sprintf' 선언을 참조하십시오.
c:\users\heoyouseong\desktop\3학년1학기동안 한 것들\db\과제5\hw6\최종제출물_모음\db_project_14011013_허유성\db_project_14011013_허유성\show_table.cpp(1159): warning C4996: 'sprintf': This function or variable may be unsafe. Consider using sprintf_s instead. To disable deprecation, use _CRT_SECURE_NO_WARNINGS. See online help for details.
  c:\program files (x86)\windows kits\10\include\10.0.10240.0\ucrt\stdio.h(1769): note: 'sprintf' 선언을 참조하십시오.
c:\users\heoyouseong\desktop\3학년1학기동안 한 것들\db\과제5\hw6\최종제출물_모음\db_project_14011013_허유성\db_project_14011013_허유성\show_table.cpp(1238): warning C4996: 'sprintf': This function or variable may be unsafe. Consider using sprintf_s instead. To disable deprecation, use _CRT_SECURE_NO_WARNINGS. See online help for details.
  c:\program files (x86)\windows kits\10\include\10.0.10240.0\ucrt\stdio.h(1769): note: 'sprintf' 선언을 참조하십시오.
c:\users\heoyouseong\desktop\3학년1학기동안 한 것들\db\과제5\hw6\최종제출물_모음\db_project_14011013_허유성\db_project_14011013_허유성\show_table.cpp(1318): warning C4996: 'sprintf': This function or variable may be unsafe. Consider using sprintf_s instead. To disable deprecation, use _CRT_SECURE_NO_WARNINGS. See online help for details.
  c:\program files (x86)\windows kits\10\include\10.0.10240.0\ucrt\stdio.h(1769): note: 'sprintf' 선언을 참조하십시오.
c:\users\heoyouseong\desktop\3학년1학기동안 한 것들\db\과제5\hw6\최종제출물_모음\db_project_14011013_허유성\db_project_14011013_허유성\show_table.cpp(1321): warning C4996: 'sprintf': This function or variable may be unsafe. Consider using sprintf_s instead. To disable deprecation, use _CRT_SECURE_NO_WARNINGS. See online help for details.
  c:\program files (x86)\windows kits\10\include\10.0.10240.0\ucrt\stdio.h(1769): note: 'sprintf' 선언을 참조하십시오.
c:\users\heoyouseong\desktop\3학년1학기동안 한 것들\db\과제5\hw6\최종제출물_모음\db_project_14011013_허유성\db_project_14011013_허유성\show_table.cpp(1380): warning C4996: 'sprintf': This function or variable may be unsafe. Consider using sprintf_s instead. To disable deprecation, use _CRT_SECURE_NO_WARNINGS. See online help for details.
  c:\program files (x86)\windows kits\10\include\10.0.10240.0\ucrt\stdio.h(1769): note: 'sprintf' 선언을 참조하십시오.
c:\users\heoyouseong\desktop\3학년1학기동안 한 것들\db\과제5\hw6\최종제출물_모음\db_project_14011013_허유성\db_project_14011013_허유성\show_table.cpp(1444): warning C4996: 'sprintf': This function or variable may be unsafe. Consider using sprintf_s instead. To disable deprecation, use _CRT_SECURE_NO_WARNINGS. See online help for details.
  c:\program files (x86)\windows kits\10\include\10.0.10240.0\ucrt\stdio.h(1769): note: 'sprintf' 선언을 참조하십시오.
c:\users\heoyouseong\desktop\3학년1학기동안 한 것들\db\과제5\hw6\최종제출물_모음\db_project_14011013_허유성\db_project_14011013_허유성\show_table.cpp(1491): warning C4996: 'sprintf': This function or variable may be unsafe. Consider using sprintf_s instead. To disable deprecation, use _CRT_SECURE_NO_WARNINGS. See online help for details.
  c:\program files (x86)\windows kits\10\include\10.0.10240.0\ucrt\stdio.h(1769): note: 'sprintf' 선언을 참조하십시오.
c:\users\heoyouseong\desktop\3학년1학기동안 한 것들\db\과제5\hw6\최종제출물_모음\db_project_14011013_허유성\db_project_14011013_허유성\show_table.cpp(1549): warning C4996: 'sprintf': This function or variable may be unsafe. Consider using sprintf_s instead. To disable deprecation, use _CRT_SECURE_NO_WARNINGS. See online help for details.
  c:\program files (x86)\windows kits\10\include\10.0.10240.0\ucrt\stdio.h(1769): note: 'sprintf' 선언을 참조하십시오.
c:\users\heoyouseong\desktop\3학년1학기동안 한 것들\db\과제5\hw6\최종제출물_모음\db_project_14011013_허유성\db_project_14011013_허유성\show_table.cpp(1583): warning C4996: 'sprintf': This function or variable may be unsafe. Consider using sprintf_s instead. To disable deprecation, use _CRT_SECURE_NO_WARNINGS. See online help for details.
  c:\program files (x86)\windows kits\10\include\10.0.10240.0\ucrt\stdio.h(1769): note: 'sprintf' 선언을 참조하십시오.
c:\users\heoyouseong\desktop\3학년1학기동안 한 것들\db\과제5\hw6\최종제출물_모음\db_project_14011013_허유성\db_project_14011013_허유성\show_table.cpp(1614): warning C4996: 'sprintf': This function or variable may be unsafe. Consider using sprintf_s instead. To disable deprecation, use _CRT_SECURE_NO_WARNINGS. See online help for details.
  c:\program files (x86)\windows kits\10\include\10.0.10240.0\ucrt\stdio.h(1769): note: 'sprintf' 선언을 참조하십시오.
c:\users\heoyouseong\desktop\3학년1학기동안 한 것들\db\과제5\hw6\최종제출물_모음\db_project_14011013_허유성\db_project_14011013_허유성\show_table.cpp(1645): warning C4996: 'sprintf': This function or variable may be unsafe. Consider using sprintf_s instead. To disable deprecation, use _CRT_SECURE_NO_WARNINGS. See online help for details.
  c:\program files (x86)\windows kits\10\include\10.0.10240.0\ucrt\stdio.h(1769): note: 'sprintf' 선언을 참조하십시오.
c:\users\heoyouseong\desktop\3학년1학기동안 한 것들\db\과제5\hw6\최종제출물_모음\db_project_14011013_허유성\db_project_14011013_허유성\show_table.cpp(1676): warning C4996: 'sprintf': This function or variable may be unsafe. Consider using sprintf_s instead. To disable deprecation, use _CRT_SECURE_NO_WARNINGS. See online help for details.
  c:\program files (x86)\windows kits\10\include\10.0.10240.0\ucrt\stdio.h(1769): note: 'sprintf' 선언을 참조하십시오.
c:\users\heoyouseong\desktop\3학년1학기동안 한 것들\db\과제5\hw6\최종제출물_모음\db_project_14011013_허유성\db_project_14011013_허유성\show_table.cpp(1707): warning C4996: 'sprintf': This function or variable may be unsafe. Consider using sprintf_s instead. To disable deprecation, use _CRT_SECURE_NO_WARNINGS. See online help for details.
  c:\program files (x86)\windows kits\10\include\10.0.10240.0\ucrt\stdio.h(1769): note: 'sprintf' 선언을 참조하십시오.
c:\users\heoyouseong\desktop\3학년1학기동안 한 것들\db\과제5\hw6\최종제출물_모음\db_project_14011013_허유성\db_project_14011013_허유성\show_table.cpp(1744): warning C4996: 'sprintf': This function or variable may be unsafe. Consider using sprintf_s instead. To disable deprecation, use _CRT_SECURE_NO_WARNINGS. See online help for details.
  c:\program files (x86)\windows kits\10\include\10.0.10240.0\ucrt\stdio.h(1769): note: 'sprintf' 선언을 참조하십시오.
c:\users\heoyouseong\desktop\3학년1학기동안 한 것들\db\과제5\hw6\최종제출물_모음\db_project_14011013_허유성\db_project_14011013_허유성\show_table.cpp(1780): warning C4996: 'sprintf': This function or variable may be unsafe. Consider using sprintf_s instead. To disable deprecation, use _CRT_SECURE_NO_WARNINGS. See online help for details.
  c:\program files (x86)\windows kits\10\include\10.0.10240.0\ucrt\stdio.h(1769): note: 'sprintf' 선언을 참조하십시오.
c:\users\heoyouseong\desktop\3학년1학기동안 한 것들\db\과제5\hw6\최종제출물_모음\db_project_14011013_허유성\db_project_14011013_허유성\show_table.cpp(1816): warning C4996: 'sprintf': This function or variable may be unsafe. Consider using sprintf_s instead. To disable deprecation, use _CRT_SECURE_NO_WARNINGS. See online help for details.
  c:\program files (x86)\windows kits\10\include\10.0.10240.0\ucrt\stdio.h(1769): note: 'sprintf' 선언을 참조하십시오.
c:\users\heoyouseong\desktop\3학년1학기동안 한 것들\db\과제5\hw6\최종제출물_모음\db_project_14011013_허유성\db_project_14011013_허유성\show_table.cpp(1890): warning C4996: 'sprintf': This function or variable may be unsafe. Consider using sprintf_s instead. To disable deprecation, use _CRT_SECURE_NO_WARNINGS. See online help for details.
  c:\program files (x86)\windows kits\10\include\10.0.10240.0\ucrt\stdio.h(1769): note: 'sprintf' 선언을 참조하십시오.
c:\users\heoyouseong\desktop\3학년1학기동안 한 것들\db\과제5\hw6\최종제출물_모음\db_project_14011013_허유성\db_project_14011013_허유성\show_table.cpp(1926): warning C4996: 'sprintf': This function or variable may be unsafe. Consider using sprintf_s instead. To disable deprecation, use _CRT_SECURE_NO_WARNINGS. See online help for details.
  c:\program files (x86)\windows kits\10\include\10.0.10240.0\ucrt\stdio.h(1769): note: 'sprintf' 선언을 참조하십시오.
c:\users\heoyouseong\desktop\3학년1학기동안 한 것들\db\과제5\hw6\최종제출물_모음\db_project_14011013_허유성\db_project_14011013_허유성\show_table.cpp(1962): warning C4996: 'sprintf': This function or variable may be unsafe. Consider using sprintf_s instead. To disable deprecation, use _CRT_SECURE_NO_WARNINGS. See online help for details.
  c:\program files (x86)\windows kits\10\include\10.0.10240.0\ucrt\stdio.h(1769): note: 'sprintf' 선언을 참조하십시오.
c:\users\heoyouseong\desktop\3학년1학기동안 한 것들\db\과제5\hw6\최종제출물_모음\db_project_14011013_허유성\db_project_14011013_허유성\show_table.cpp(1998): warning C4996: 'sprintf': This function or variable may be unsafe. Consider using sprintf_s instead. To disable deprecation, use _CRT_SECURE_NO_WARNINGS. See online help for details.
  c:\program files (x86)\windows kits\10\include\10.0.10240.0\ucrt\stdio.h(1769): note: 'sprintf' 선언을 참조하십시오.
  DB_Project_14011013_허유성.vcxproj -> C:\Users\heoyouseong\Desktop\3학년1학기동안 한 것들\DB\과제5\HW6\최종제출물_모음\DB_Project_14011013_허유성\Debug\DB_Project_14011013_허유성.exe
  DB_Project_14011013_허유성.vcxproj -> C:\Users\heoyouseong\Desktop\3학년1학기동안 한 것들\DB\과제5\HW6\최종제출물_모음\DB_Project_14011013_허유성\Debug\DB_Project_14011013_허유성.pdb (Full PDB)
